#
# An unexpected error has been detected by Java Runtime Environment:
#
#  EXCEPTION_ACCESS_VIOLATION (0xc0000005) at pc=0x7efd6694, pid=2272, tid=3360
#
# Java VM: Java HotSpot(TM) Client VM (11.2-b01 mixed mode windows-x86)
# Problematic frame:
# C  0x7efd6694
#
# If you would like to submit a bug report, please visit:
#   http://java.sun.com/webapps/bugreport/crash.jsp
#

---------------  T H R E A D  ---------------

Current thread (0x1a912800):  JavaThread "AWT-EventQueue-0" [_thread_in_Java, id=3360, stack(0x20b20000,0x20ba0000)]

siginfo: ExceptionCode=0xc0000005, reading address 0xffffffff

Registers:
EAX=0x00000016, EBX=0x20b9fab8, ECX=0x20b9ee70, EDX=0x20b9edf8
ESP=0x20b9edf0, EBP=0x20b9ee7c, ESI=0x20b9ee94, EDI=0xffffffff
EIP=0x7efd6694, EFLAGS=0x00210202

Top of Stack: (sp=0x20b9edf0)
0x20b9edf0:   77b2fadd 77b6b38d ffffffff 00000022
0x20b9ee00:   20b9ee6c 00000004 00000000 00000001
0x20b9ee10:   20b9ee94 0c6740e8 00000000 00000000
0x20b9ee20:   00000000 00000000 00000000 00000000
0x20b9ee30:   00000000 00000000 00000000 00000000
0x20b9ee40:   00000000 00000000 00000000 00000000
0x20b9ee50:   00000000 00000000 00000000 00000000
0x20b9ee60:   00000000 00000000 00000000 00000000 

Instructions: (pc=0x7efd6694)
0x7efd6684:   00 00 5a 83 ba 03 a2 ff ff 00 7e 16 8d 54 24 08
0x7efd6694:   cd 2e 83 f8 00 7c 07 8b 54 24 10 83 0a 30 5a c2 


Stack: [0x20b20000,0x20ba0000],  sp=0x20b9edf0,  free space=507k
Native frames: (J=compiled Java code, j=interpreted, Vv=VM code, C=native code)
C  0x7efd6694
C  [ntdll.dll+0x10133]
J  com.icl.saxon.DOMDriver.walkNode(Lorg/w3c/dom/Node;)V
J  com.icl.saxon.DOMDriver.walkNode(Lorg/w3c/dom/Node;)V
j  com.icl.saxon.DOMDriver.parse()V+85
j  com.icl.saxon.DOMDriver.parse(Lorg/xml/sax/InputSource;)V+1
j  com.icl.saxon.IdentityTransformer.transform(Ljavax/xml/transform/Source;Ljavax/xml/transform/Result;)V+246
j  com.mathworks.xml.XMLUtils.serializeXML(Ljava/lang/Object;Ljava/lang/Object;Ljava/lang/String;)V+123
j  com.mathworks.mwswing.desk.Desktop.saveLayout(Ljava/io/OutputStream;ZZZ)V+129
j  com.mathworks.mwswing.desk.Desktop$38.call()Ljava/lang/Boolean;+72
j  com.mathworks.mwswing.desk.Desktop$38.call()Ljava/lang/Object;+1
j  com.mathworks.mwswing.desk.Desktop.deferredCall(Lcom/mathworks/mwswing/desk/Desktop$CallableWrapper;Ljava/lang/Object;)Ljava/lang/Object;+7
j  com.mathworks.mwswing.desk.Desktop.saveLayout(Ljava/lang/String;)Z+13
j  com.mathworks.mwswing.desk.DTLayoutSaveManager.performSave()V+80
j  com.mathworks.mwswing.desk.DTLayoutSaveManager.access$500(Lcom/mathworks/mwswing/desk/DTLayoutSaveManager;)V+1
j  com.mathworks.mwswing.desk.DTLayoutSaveManager$1.actionPerformed(Ljava/awt/event/ActionEvent;)V+14
J  javax.swing.Timer.fireActionPerformed(Ljava/awt/event/ActionEvent;)V
J  javax.swing.Timer$DoPostEvent.run()V
J  java.awt.event.InvocationEvent.dispatch()V
J  java.awt.EventQueue.dispatchEvent(Ljava/awt/AWTEvent;)V
J  java.awt.EventDispatchThread.pumpOneEventForFilters(I)Z
J  java.awt.EventDispatchThread.pumpEventsForFilter(ILjava/awt/Conditional;Ljava/awt/EventFilter;)V
j  java.awt.EventDispatchThread.pumpEventsForHierarchy(ILjava/awt/Conditional;Ljava/awt/Component;)V+11
j  java.awt.EventDispatchThread.pumpEvents(ILjava/awt/Conditional;)V+4
j  java.awt.EventDispatchThread.pumpEvents(Ljava/awt/Conditional;)V+3
j  java.awt.EventDispatchThread.run()V+9
v  ~StubRoutines::call_stub


---------------  P R O C E S S  ---------------

Java Threads: ( => current thread )
  0x1ab35000 JavaThread "Timer-241" [_thread_blocked, id=1156, stack(0x04a40000,0x04ac0000)]
  0x1ab32c00 JavaThread "Image Fetcher 2" daemon [_thread_blocked, id=3724, stack(0x05c30000,0x05cb0000)]
  0x1ab35400 JavaThread "Image Fetcher 1" daemon [_thread_blocked, id=3480, stack(0x05b30000,0x05bb0000)]
  0x1ab2e000 JavaThread "Image Fetcher 0" daemon [_thread_blocked, id=4248, stack(0x05ab0000,0x05b30000)]
  0x1ab34800 JavaThread "Foxtrot Single Worker Thread #1" daemon [_thread_blocked, id=3704, stack(0x05df0000,0x05e70000)]
  0x1ab34000 JavaThread "Prefs Updater" daemon [_thread_blocked, id=3536, stack(0x1afc0000,0x1b040000)]
  0x1ab33800 JavaThread "Thread-28" [_thread_blocked, id=5164, stack(0x235a0000,0x23620000)]
  0x1ab33400 JavaThread "Thread-27" [_thread_blocked, id=4460, stack(0x234e0000,0x23560000)]
  0x1ab32800 JavaThread "Thread-25" [_thread_blocked, id=5980, stack(0x23360000,0x233e0000)]
  0x1ab32000 JavaThread "Thread-24" [_thread_blocked, id=4316, stack(0x232a0000,0x23320000)]
  0x1ab31c00 JavaThread "Thread-23" [_thread_blocked, id=5432, stack(0x231d0000,0x23250000)]
  0x1ab31400 JavaThread "Thread-22" [_thread_blocked, id=4428, stack(0x228d0000,0x22950000)]
  0x1ab2e800 JavaThread "Active Reference Queue Daemon" daemon [_thread_blocked, id=2496, stack(0x21500000,0x21580000)]
  0x1ab30000 JavaThread "Timer-15" daemon [_thread_blocked, id=1196, stack(0x21280000,0x21300000)]
  0x1ab31000 JavaThread "FelixPackageAdmin" daemon [_thread_blocked, id=4324, stack(0x22810000,0x22890000)]
  0x1ab30400 JavaThread "FelixStartLevel" daemon [_thread_blocked, id=5772, stack(0x215c0000,0x21640000)]
  0x1ab30c00 JavaThread "FelixDispatchQueue" [_thread_blocked, id=3300, stack(0x22650000,0x226d0000)]
  0x1ab2f400 JavaThread "Timer-6" daemon [_thread_blocked, id=2400, stack(0x21440000,0x214c0000)]
  0x1abc0400 JavaThread "Timer-1" [_thread_blocked, id=2384, stack(0x20d80000,0x20e00000)]
  0x1a78d400 JavaThread "TimerQueue" daemon [_thread_blocked, id=5552, stack(0x20bf0000,0x20c70000)]
=>0x1a912800 JavaThread "AWT-EventQueue-0" [_thread_in_Java, id=3360, stack(0x20b20000,0x20ba0000)]
  0x1a7ab800 JavaThread "AWT-Shutdown" [_thread_blocked, id=1152, stack(0x1f1b0000,0x1f230000)]
  0x1a57e000 JavaThread "AWT-Windows" daemon [_thread_in_native, id=4688, stack(0x1ae40000,0x1aec0000)]
  0x1a57b800 JavaThread "Java2D Disposer" daemon [_thread_blocked, id=4632, stack(0x09420000,0x094a0000)]
  0x1a00c400 JavaThread "Timer-0" [_thread_blocked, id=1172, stack(0x08200000,0x08280000)]
  0x19fba800 JavaThread "JMI Unnamed Thread" [_thread_in_native, id=2364, stack(0x05f70000,0x06770000)]
  0x07b2d800 JavaThread "Low Memory Detector" daemon [_thread_blocked, id=5156, stack(0x08100000,0x08180000)]
  0x07b2c800 JavaThread "CompilerThread0" daemon [_thread_blocked, id=5804, stack(0x18f80000,0x19780000)]
  0x07b22000 JavaThread "Attach Listener" daemon [_thread_blocked, id=3752, stack(0x07fa0000,0x08020000)]
  0x07b08400 JavaThread "Finalizer" daemon [_thread_blocked, id=3780, stack(0x07e40000,0x07ec0000)]
  0x07b03c00 JavaThread "Reference Handler" daemon [_thread_blocked, id=5516, stack(0x07d80000,0x07e00000)]
  0x094ee400 JavaThread "main" [_thread_in_native, id=4724, stack(0x00440000,0x00c40000)]

Other Threads:
  0x07aff000 VMThread [stack: 0x174f0000,0x17cf0000] [id=2212]
  0x07b41400 WatcherThread [stack: 0x19780000,0x19f80000] [id=4640]

VM state:not at safepoint (normal execution)

VM Mutex/Monitor currently owned by a thread: None

Heap
 def new generation   total 23872K, used 20368K [0x0b4f0000, 0x0ced0000, 0x0d4f0000)
  eden space 21248K,  85% used [0x0b4f0000, 0x0c6ae840, 0x0c9b0000)
  from space 2624K,  83% used [0x0cc40000, 0x0ce659d0, 0x0ced0000)
  to   space 2624K,   0% used [0x0c9b0000, 0x0c9b0000, 0x0cc40000)
 tenured generation   total 79188K, used 74539K [0x0d4f0000, 0x12245000, 0x134f0000)
   the space 79188K,  94% used [0x0d4f0000, 0x11dbaee8, 0x11dbb000, 0x12245000)
 compacting perm gen  total 37888K, used 37764K [0x134f0000, 0x159f0000, 0x174f0000)
   the space 37888K,  99% used [0x134f0000, 0x159d1390, 0x159d1400, 0x159f0000)
No shared spaces configured.

Dynamic libraries:
0x00400000 - 0x00433000 	C:\Program Files (x86)\MATLAB\R2009b\bin\win32\MATLAB.exe
0x77b10000 - 0x77c90000 	C:\Windows\SysWOW64\ntdll.dll
0x76d80000 - 0x76e90000 	C:\Windows\syswow64\kernel32.dll
0x77500000 - 0x77547000 	C:\Windows\syswow64\KERNELBASE.dll
0x7bae0000 - 0x7bb89000 	C:\Program Files (x86)\MATLAB\R2009b\bin\win32\libut.dll
0x773c0000 - 0x773ea000 	C:\Windows\syswow64\imagehlp.dll
0x76cb0000 - 0x76d5c000 	C:\Windows\syswow64\msvcrt.dll
0x766e0000 - 0x76780000 	C:\Windows\syswow64\ADVAPI32.dll
0x76ed0000 - 0x76ee9000 	C:\Windows\SysWOW64\sechost.dll
0x772d0000 - 0x773c0000 	C:\Windows\syswow64\RPCRT4.dll
0x75570000 - 0x755d0000 	C:\Windows\syswow64\SspiCli.dll
0x75560000 - 0x7556c000 	C:\Windows\syswow64\CRYPTBASE.dll
0x76c00000 - 0x76c05000 	C:\Windows\syswow64\PSAPI.DLL
0x7c1c0000 - 0x7c1df000 	C:\Program Files (x86)\MATLAB\R2009b\bin\win32\LIBEXPAT.dll
0x73650000 - 0x736eb000 	C:\Windows\WinSxS\x86_microsoft.vc80.crt_1fc8b3b9a1e18e3b_8.0.50727.6195_none_d09154e044272b9a\MSVCR80.dll
0x7bf40000 - 0x7c028000 	C:\Program Files (x86)\MATLAB\R2009b\bin\win32\icuuc40.dll
0x7b5e0000 - 0x7b5e4000 	C:\Program Files (x86)\MATLAB\R2009b\bin\win32\icudt40.dll
0x7b5f0000 - 0x7b5fc000 	C:\Program Files (x86)\MATLAB\R2009b\bin\win32\icuio40.dll
0x7b830000 - 0x7b928000 	C:\Program Files (x86)\MATLAB\R2009b\bin\win32\icuin40.dll
0x735c0000 - 0x73647000 	C:\Windows\WinSxS\x86_microsoft.vc80.crt_1fc8b3b9a1e18e3b_8.0.50727.6195_none_d09154e044272b9a\MSVCP80.dll
0x75980000 - 0x75a80000 	C:\Windows\syswow64\USER32.dll
0x76840000 - 0x768d0000 	C:\Windows\syswow64\GDI32.dll
0x755e0000 - 0x755ea000 	C:\Windows\syswow64\LPK.dll
0x76c10000 - 0x76cad000 	C:\Windows\syswow64\USP10.dll
0x786f0000 - 0x78728000 	C:\Program Files (x86)\MATLAB\R2009b\bin\win32\libmwfl.dll
0x7d390000 - 0x7d39e000 	C:\Program Files (x86)\MATLAB\R2009b\bin\win32\boost_date_time-vc80-mt-1_36.dll
0x7d280000 - 0x7d290000 	C:\Program Files (x86)\MATLAB\R2009b\bin\win32\boost_signals-vc80-mt-1_36.dll
0x7c710000 - 0x7c717000 	C:\Program Files (x86)\MATLAB\R2009b\bin\win32\boost_system-vc80-mt-1_36.dll
0x7b5d0000 - 0x7b5dc000 	C:\Program Files (x86)\MATLAB\R2009b\bin\win32\boost_thread-vc80-mt-1_36.dll
0x7bc10000 - 0x7be19000 	C:\Program Files (x86)\MATLAB\R2009b\bin\win32\libmwservices.dll
0x7bb90000 - 0x7bc0b000 	C:\Program Files (x86)\MATLAB\R2009b\bin\win32\libmx.dll
0x78bc0000 - 0x78bd3000 	C:\Program Files (x86)\MATLAB\R2009b\bin\win32\zlib1.dll
0x7be20000 - 0x7bf34000 	C:\Program Files (x86)\MATLAB\R2009b\bin\win32\libmwmathutil.dll
0x79cf0000 - 0x79d25000 	C:\Program Files (x86)\MATLAB\R2009b\bin\win32\mpath.dll
0x7c2c0000 - 0x7c2f0000 	C:\Program Files (x86)\MATLAB\R2009b\bin\win32\mlutil.dll
0x786a0000 - 0x786ce000 	C:\Program Files (x86)\MATLAB\R2009b\bin\win32\tbb.dll
0x74e20000 - 0x74ea4000 	C:\Windows\WinSxS\x86_microsoft.windows.common-controls_6595b64144ccf1df_5.82.7601.18201_none_ec80f00e8593ece5\COMCTL32.dll
0x773f0000 - 0x7746b000 	C:\Windows\syswow64\comdlg32.dll
0x76ba0000 - 0x76bf7000 	C:\Windows\syswow64\SHLWAPI.dll
0x75a90000 - 0x766da000 	C:\Windows\syswow64\SHELL32.dll
0x73200000 - 0x73211000 	C:\Windows\system32\NETAPI32.dll
0x731f0000 - 0x731f9000 	C:\Windows\system32\netutils.dll
0x731d0000 - 0x731e9000 	C:\Windows\system32\srvcli.dll
0x731c0000 - 0x731cf000 	C:\Windows\system32\wkscli.dll
0x75940000 - 0x75975000 	C:\Windows\syswow64\WS2_32.dll
0x755d0000 - 0x755d6000 	C:\Windows\syswow64\NSI.dll
0x7d560000 - 0x7d576000 	C:\Program Files (x86)\MATLAB\R2009b\bin\win32\boost_filesystem-vc80-mt-1_36.dll
0x7a270000 - 0x7a2d0000 	C:\Program Files (x86)\MATLAB\R2009b\bin\win32\mcr.dll
0x7b600000 - 0x7b64f000 	C:\Program Files (x86)\MATLAB\R2009b\bin\win32\iqm.dll
0x7a850000 - 0x7ad3b000 	C:\Program Files (x86)\MATLAB\R2009b\bin\win32\m_interpreter.dll
0x7b660000 - 0x7b66c000 	C:\Program Files (x86)\MATLAB\R2009b\bin\win32\libmex.dll
0x7a140000 - 0x7a1a4000 	C:\Program Files (x86)\MATLAB\R2009b\bin\win32\m_dispatcher.dll
0x7d1e0000 - 0x7d23e000 	C:\Program Files (x86)\MATLAB\R2009b\bin\win32\xmlcore.dll
0x79600000 - 0x797c2000 	C:\Program Files (x86)\MATLAB\R2009b\bin\win32\xerces-c_2_7.dll
0x7d4b0000 - 0x7d54d000 	C:\Program Files (x86)\MATLAB\R2009b\bin\win32\boost_regex-vc80-mt-1_36.dll
0x7a050000 - 0x7a0a7000 	C:\Program Files (x86)\MATLAB\R2009b\bin\win32\profiler.dll
0x7b6c0000 - 0x7b6de000 	C:\Program Files (x86)\MATLAB\R2009b\bin\win32\libmwmathrng.dll
0x78b40000 - 0x78b52000 	C:\Program Files (x86)\MATLAB\R2009b\bin\win32\m_pcodeio.dll
0x79cb0000 - 0x79ce7000 	C:\Program Files (x86)\MATLAB\R2009b\bin\win32\m_ir.dll
0x7a350000 - 0x7a843000 	C:\Program Files (x86)\MATLAB\R2009b\bin\win32\m_parser.dll
0x7b650000 - 0x7b65e000 	C:\Program Files (x86)\MATLAB\R2009b\bin\win32\ir_xfmr.dll
0x78730000 - 0x78891000 	C:\Program Files (x86)\MATLAB\R2009b\bin\win32\mcos.dll
0x7b6f0000 - 0x7b6fa000 	C:\Program Files (x86)\MATLAB\R2009b\bin\win32\mtok.dll
0x78b20000 - 0x78b36000 	C:\Program Files (x86)\MATLAB\R2009b\bin\win32\m_pcodegen.dll
0x78a90000 - 0x78aac000 	C:\Program Files (x86)\MATLAB\R2009b\bin\win32\bridge.dll
0x7b2c0000 - 0x7b344000 	C:\Program Files (x86)\MATLAB\R2009b\bin\win32\udd.dll
0x7c030000 - 0x7c128000 	C:\Program Files (x86)\MATLAB\R2009b\bin\win32\libmwgui.dll
0x78c20000 - 0x79034000 	C:\Program Files (x86)\MATLAB\R2009b\bin\win32\hg.dll
0x78ab0000 - 0x78ad7000 	C:\Program Files (x86)\MATLAB\R2009b\bin\win32\libmat.dll
0x7b930000 - 0x7bad5000 	C:\Program Files (x86)\MATLAB\R2009b\bin\win32\libhdf5.dll
0x79c20000 - 0x79c61000 	C:\Program Files (x86)\MATLAB\R2009b\bin\win32\jmi.dll
0x79920000 - 0x7994c000 	C:\Program Files (x86)\MATLAB\R2009b\bin\win32\libmwhardcopy.dll
0x79c70000 - 0x79ca9000 	C:\Program Files (x86)\MATLAB\R2009b\bin\win32\libuij.dll
0x785d0000 - 0x7869f000 	C:\Program Files (x86)\MATLAB\R2009b\bin\win32\hgdatatypes.dll
0x785a0000 - 0x785d0000 	C:\Program Files (x86)\MATLAB\R2009b\bin\win32\hgutils.dll
0x78ae0000 - 0x78b11000 	C:\Program Files (x86)\MATLAB\R2009b\bin\win32\libmwlapack.dll
0x7b680000 - 0x7b68e000 	C:\Program Files (x86)\MATLAB\R2009b\bin\win32\libmwbinder.dll
0x7b350000 - 0x7b5c4000 	C:\Program Files (x86)\MATLAB\R2009b\bin\win32\uiw.dll
0x7b730000 - 0x7b739000 	C:\Program Files (x86)\MATLAB\R2009b\bin\win32\uinone.dll
0x71eb0000 - 0x71fbf000 	C:\Windows\WinSxS\x86_microsoft.vc80.mfc_1fc8b3b9a1e18e3b_8.0.50727.6195_none_cbf5e994470a1a8f\MFC80.DLL
0x74060000 - 0x740b1000 	C:\Windows\system32\WINSPOOL.DRV
0x77140000 - 0x7729c000 	C:\Windows\syswow64\ole32.dll
0x76780000 - 0x7680f000 	C:\Windows\syswow64\OLEAUT32.dll
0x7a2d0000 - 0x7a346000 	C:\Program Files (x86)\MATLAB\R2009b\bin\win32\udd_mi.dll
0x78b60000 - 0x78b73000 	C:\Program Files (x86)\MATLAB\R2009b\bin\win32\mwoles05.DLL
0x7a000000 - 0x7a045000 	C:\Program Files (x86)\MATLAB\R2009b\bin\win32\comcli.dll
0x74a60000 - 0x74a7b000 	C:\Windows\WinSxS\x86_microsoft.vc80.atl_1fc8b3b9a1e18e3b_8.0.50727.6195_none_d1cb102c435421de\ATL80.DLL
0x7b6e0000 - 0x7b6eb000 	C:\Program Files (x86)\MATLAB\R2009b\bin\win32\mlautoregister.dll
0x755f0000 - 0x75650000 	C:\Windows\system32\IMM32.DLL
0x75650000 - 0x7571c000 	C:\Windows\syswow64\MSCTF.dll
0x74da0000 - 0x74dae000 	C:\Windows\WinSxS\x86_microsoft.vc80.mfcloc_1fc8b3b9a1e18e3b_8.0.50727.6195_none_03ce2c72205943d3\MFC80ENU.DLL
0x73220000 - 0x7322b000 	C:\Windows\system32\profapi.dll
0x75160000 - 0x751e0000 	C:\Windows\system32\uxtheme.dll
0x74360000 - 0x744fe000 	C:\Windows\WinSxS\x86_microsoft.windows.common-controls_6595b64144ccf1df_6.0.7601.17514_none_41e6975e2bd6f2b2\comctl32.dll
0x769f0000 - 0x76a73000 	C:\Windows\syswow64\CLBCatQ.DLL
0x757a0000 - 0x7593d000 	C:\Windows\syswow64\SETUPAPI.dll
0x772a0000 - 0x772c7000 	C:\Windows\syswow64\CFGMGR32.dll
0x76820000 - 0x76832000 	C:\Windows\syswow64\DEVOBJ.dll
0x73470000 - 0x73565000 	C:\Windows\system32\propsys.dll
0x75380000 - 0x753a1000 	C:\Windows\system32\ntmarta.dll
0x76ef0000 - 0x76f35000 	C:\Windows\syswow64\WLDAP32.dll
0x75460000 - 0x7547c000 	C:\Windows\system32\iphlpapi.dll
0x753b0000 - 0x753b7000 	C:\Windows\system32\WINNSI.DLL
0x73570000 - 0x735b4000 	C:\Windows\system32\DNSAPI.dll
0x75360000 - 0x75372000 	C:\Windows\system32\dhcpcsvc.DLL
0x74e00000 - 0x74e0d000 	C:\Windows\system32\dhcpcsvc6.DLL
0x74cc0000 - 0x74cc3000 	C:\Windows\system32\icmp.Dll
0x799c0000 - 0x79c16000 	C:\Program Files (x86)\MATLAB\R2009b\sys\java\jre\win32\jre\bin\client\jvm.dll
0x732f0000 - 0x73322000 	C:\Windows\system32\WINMM.dll
0x7c1e0000 - 0x7c236000 	C:\Program Files (x86)\MATLAB\R2009b\bin\win32\MSVCR71.dll
0x751e0000 - 0x7522c000 	C:\Windows\system32\apphelp.dll
0x73d20000 - 0x73e0b000 	C:\Windows\syswow64\dbghelp.dll
0x75140000 - 0x75153000 	C:\Windows\system32\dwmapi.dll
0x7a100000 - 0x7a108000 	C:\Program Files (x86)\MATLAB\R2009b\sys\java\jre\win32\jre\bin\hpi.dll
0x7a120000 - 0x7a12c000 	C:\Program Files (x86)\MATLAB\R2009b\sys\java\jre\win32\jre\bin\verify.dll
0x78be0000 - 0x78bff000 	C:\Program Files (x86)\MATLAB\R2009b\sys\java\jre\win32\jre\bin\java.dll
0x7a130000 - 0x7a13f000 	C:\Program Files (x86)\MATLAB\R2009b\sys\java\jre\win32\jre\bin\zip.dll
0x78b80000 - 0x78b98000 	C:\Program Files (x86)\MATLAB\R2009b\bin\win32\nativejava.dll
0x78ba0000 - 0x78bbf000 	C:\Program Files (x86)\MATLAB\R2009b\bin\win32\nativejmi.dll
0x7b720000 - 0x7b726000 	C:\Program Files (x86)\MATLAB\R2009b\bin\win32\nativeservices.dll
0x797d0000 - 0x7991a000 	C:\Program Files (x86)\MATLAB\R2009b\sys\java\jre\win32\jre\bin\awt.dll
0x7a1b0000 - 0x7a204000 	C:\Program Files (x86)\MATLAB\R2009b\sys\java\jre\win32\jre\bin\fontmanager.dll
0x78c00000 - 0x78c13000 	C:\Program Files (x86)\MATLAB\R2009b\sys\java\jre\win32\jre\bin\net.dll
0x1b040000 - 0x1b091000 	C:\Program Files (x86)\Common Files\PC Tools\Lsp\PCTLsp.dll
0x75310000 - 0x7534c000 	C:\Windows\system32\mswsock.dll
0x73b90000 - 0x73b96000 	C:\Windows\System32\wship6.dll
0x7a110000 - 0x7a119000 	C:\Program Files (x86)\MATLAB\R2009b\sys\java\jre\win32\jre\bin\nio.dll
0x73100000 - 0x73116000 	C:\Windows\system32\CRYPTSP.dll

VM Arguments:
jvm_args: -Xss512k -XX:PermSize=32m -Xms64m -XX:NewRatio=3 -XX:MaxPermSize=64m -Xmx128m -XX:MaxDirectMemorySize=1200000000 -Dsun.java2d.noddraw=true -Dsun.awt.nopixfmt=true -Xshare:off -Xrs -Djava.library.path=C:\Program Files (x86)\MATLAB\R2009b\bin\win32 vfprintf abort 
java_command: <unknown>
Launcher Type: generic

Environment Variables:
CLASSPATH=.;C:\Program Files (x86)\Java\jre6\lib\ext\QTJava.zip
PATH=C:\Windows\system32;C:\Windows;C:\Windows\system32\wbem;C:\Program Files\Common Files\Microsoft Shared\Windows Live;C:\Program Files (x86)\Common Files\Microsoft Shared\Windows Live;C:\Program Files (x86)\MiKTeX 2.8\miktex\bin;C:\Windows\System32\WindowsPowerShell\v1.0;c:\Program Files (x86)\ATI Technologies\ATI.ACE\Core-Static;C:\Program Files\Intel\WiFi\bin;C:\Program Files\Common Files\Intel\WirelessCommon;c:\Program Files (x86)\Common Files\Roxio Shared\10.0\DLLShared;c:\Program Files (x86)\Common Files\Roxio Shared\DLLShared;C:\Program Files\MATLAB\R2012a\runtime\win64;C:\Program Files\MATLAB\R2012a\bin;C:\Program Files\MATLAB\R2009b\runtime\win64;C:\Program Files\MATLAB\R2009b\bin;c:\Program Files (x86)\Microsoft SQL Server\90\Tools\binn;C:\Program Files (x86)\CMake 2.8\bin;C:\Program Files (x86)\MATLAB\R2009b\runtime\win32;C:\Program Files (x86)\MATLAB\R2009b\bin;C:\Program Files (x86)\QuickTime\QTSystem;C:\Program Files\TortoiseSVN\bin;C:\Program Files\IVI Foundation\VISA\Win64\Bin;C:\Program Files (x86)\IVI Foundation\VISA\WinNT\Bin;C:\Program Files (x86)\IVI Foundation\IVI\bin;C:\Program Files\IVI Foundation\IVI\bin;C:\Program Files (x86)\Windows Live\Shared;C:\Program Files\OpenAFS\Common;C:\Program Files\OpenAFS\Client\Program;C:\Program Files (x86)\Graphviz 2.28\bin;C:\Program Files (x86)\Samsung\Samsung PC Studio 3;C:\Program Files (x86)\Agilent\IO Libraries Suite\bin;C:\Program Files\Agilent\IO Libraries Suite\bin;C:\Program Files (x86)\IVI Foundation\VISA\WinNT\agvisa;C:\Program Files\IVI Foundation\VISA\Win64\agvisa;C:\Program Files\MiKTeX 2.9\miktex\bin\x64\;C:\Anaconda;C:\Anaconda\Scripts;C:\strawberry\c\bin;C:\strawberry\perl\site\bin;C:\strawberry\perl\bin;C:\Program Files (x86)\VTK 5.6 Bin\bin\Debug;C:\Python26;C:\Program Files (x86)\SSH Communications Security\SSH Secure Shell; Q:\eit\NDRM\custom_mkl;C:\texlive\2010\bin\win32
USERNAME=Haider
OS=Windows_NT
PROCESSOR_IDENTIFIER=Intel64 Family 6 Model 37 Stepping 2, GenuineIntel



---------------  S Y S T E M  ---------------

OS: Windows NT 6.1 Build 7601 Service Pack 1

CPU:total 4 (8 cores per cpu, 2 threads per core) family 6 model 5 stepping 2, cmov, cx8, fxsr, mmx, sse, sse2, sse3, ssse3, ht

Memory: 4k page, physical 4117032k(1381200k free), swap 4194303k(4194303k free)

vm_info: Java HotSpot(TM) Client VM (11.2-b01) for windows-x86 JRE (1.6.0_12-b04), built on Jan 17 2009 09:57:14 by "java_re" with MS VC++ 7.1

time: Tue Nov 19 03:05:54 2013
elapsed time: 1778 seconds

